<?xml version="1.0" encoding="UTF-8"?>
<con:testCase id="bdd64010-7aa9-43de-8d76-7a10f03fead9" discardOkResults="false" failOnError="false" failTestCaseOnErrors="true" keepSession="false" name="Test Case 3" searchProperties="true" timeout="0" xmlns:con="http://eviware.com/soapui/config">
  <con:settings>
    <con:setting id="bdd64010-7aa9-43de-8d76-7a10f03fead9fileName">Test-Case-3</con:setting>
  </con:settings>
  <con:properties/>
  <con:reportParameters/>
</con:testCase>
