<?xml version="1.0" encoding="UTF-8"?>
<con:testCase id="40099771-70e4-4734-a838-957ea52445a6" discardOkResults="false" failOnError="false" failTestCaseOnErrors="true" keepSession="false" name="Test Case 1" searchProperties="true" timeout="0" xmlns:con="http://eviware.com/soapui/config">
  <con:settings>
    <con:setting id="40099771-70e4-4734-a838-957ea52445a6fileName">Test-Case-1</con:setting>
  </con:settings>
  <con:properties/>
  <con:reportParameters/>
</con:testCase>
