<?xml version="1.0" encoding="UTF-8"?>
<con:testCase id="36af6aa2-4d18-42f0-b857-4144a96839e2" discardOkResults="false" failOnError="false" failTestCaseOnErrors="true" keepSession="false" name="Test Case 2" searchProperties="true" timeout="0" xmlns:con="http://eviware.com/soapui/config">
  <con:settings>
    <con:setting id="36af6aa2-4d18-42f0-b857-4144a96839e2fileName">Test-Case-2</con:setting>
  </con:settings>
  <con:properties/>
  <con:reportParameters/>
</con:testCase>
